[0.113s] DEBUG:colcon:Command line arguments: ['/usr/bin/colcon', 'build']
[0.113s] DEBUG:colcon:Parsed command line arguments: Namespace(log_base=None, log_level=None, verb_name='build', build_base='build', install_base='install', merge_install=False, symlink_install=False, test_result_base=None, continue_on_error=False, executor='parallel', parallel_workers=144, event_handlers=None, ignore_user_meta=False, metas=['./colcon.meta'], base_paths=['.'], packages_ignore=None, packages_ignore_regex=None, paths=None, packages_up_to=None, packages_up_to_regex=None, packages_above=None, packages_above_and_dependencies=None, packages_above_depth=None, packages_select_by_dep=None, packages_skip_by_dep=None, packages_skip_up_to=None, packages_select_build_failed=False, packages_skip_build_finished=False, packages_select_test_failures=False, packages_skip_test_passed=False, packages_select=None, packages_skip=None, packages_select_regex=None, packages_skip_regex=None, packages_start=None, packages_end=None, allow_overriding=[], cmake_args=None, cmake_target=None, cmake_target_skip_unavailable=False, cmake_clean_cache=False, cmake_clean_first=False, cmake_force_configure=False, ament_cmake_args=None, catkin_cmake_args=None, catkin_skip_building_tests=False, verb_parser=<colcon_defaults.argument_parser.defaults.DefaultArgumentsDecorator object at 0x7c3420a2eb30>, verb_extension=<colcon_core.verb.build.BuildVerb object at 0x7c3420a2e1a0>, main=<bound method BuildVerb.main of <colcon_core.verb.build.BuildVerb object at 0x7c3420a2e1a0>>)
[0.261s] Level 1:colcon.colcon_core.package_discovery:discover_packages(colcon_meta) check parameters
[0.261s] Level 1:colcon.colcon_core.package_discovery:discover_packages(recursive) check parameters
[0.261s] Level 1:colcon.colcon_core.package_discovery:discover_packages(ignore) check parameters
[0.261s] Level 1:colcon.colcon_core.package_discovery:discover_packages(path) check parameters
[0.261s] Level 1:colcon.colcon_core.package_discovery:discover_packages(colcon_meta) discover
[0.261s] Level 1:colcon.colcon_core.package_discovery:discover_packages(recursive) discover
[0.261s] INFO:colcon.colcon_core.package_discovery:Crawling recursively for packages in '/home/yuyifan/ros2_workspace/src/pointcloud_publisher'
[0.261s] Level 1:colcon.colcon_core.package_identification:_identify(.) by extensions ['ignore', 'ignore_ament_install']
[0.261s] Level 1:colcon.colcon_core.package_identification:_identify(.) by extension 'ignore'
[0.261s] Level 1:colcon.colcon_core.package_identification:_identify(.) by extension 'ignore_ament_install'
[0.261s] Level 1:colcon.colcon_core.package_identification:_identify(.) by extensions ['colcon_pkg']
[0.261s] Level 1:colcon.colcon_core.package_identification:_identify(.) by extension 'colcon_pkg'
[0.261s] Level 1:colcon.colcon_core.package_identification:_identify(.) by extensions ['colcon_meta']
[0.261s] Level 1:colcon.colcon_core.package_identification:_identify(.) by extension 'colcon_meta'
[0.262s] Level 1:colcon.colcon_core.package_identification:_identify(.) by extensions ['ros']
[0.262s] Level 1:colcon.colcon_core.package_identification:_identify(.) by extension 'ros'
[0.287s] DEBUG:colcon.colcon_core.package_identification:Package '.' with type 'ros.ament_python' and name 'pointcloud_publisher'
[0.288s] Level 1:colcon.colcon_core.package_discovery:discover_packages(recursive) using defaults
[0.288s] Level 1:colcon.colcon_core.package_discovery:discover_packages(ignore) discover
[0.288s] Level 1:colcon.colcon_core.package_discovery:discover_packages(ignore) using defaults
[0.288s] Level 1:colcon.colcon_core.package_discovery:discover_packages(path) discover
[0.288s] Level 1:colcon.colcon_core.package_discovery:discover_packages(path) using defaults
[0.303s] Level 1:colcon.colcon_core.package_discovery:discover_packages(prefix_path) check parameters
[0.303s] Level 1:colcon.colcon_core.package_discovery:discover_packages(prefix_path) discover
[0.304s] DEBUG:colcon.colcon_installed_package_information.package_discovery:Found 2 installed packages in /home/yuyifan/ros2_workspace/install
[0.305s] DEBUG:colcon.colcon_installed_package_information.package_discovery:Found 437 installed packages in /opt/ros/humble
[0.307s] Level 1:colcon.colcon_core.package_discovery:discover_packages(prefix_path) using defaults
[0.345s] Level 5:colcon.colcon_core.verb:set package 'pointcloud_publisher' build argument 'cmake_args' from command line to 'None'
[0.346s] Level 5:colcon.colcon_core.verb:set package 'pointcloud_publisher' build argument 'cmake_target' from command line to 'None'
[0.346s] Level 5:colcon.colcon_core.verb:set package 'pointcloud_publisher' build argument 'cmake_target_skip_unavailable' from command line to 'False'
[0.346s] Level 5:colcon.colcon_core.verb:set package 'pointcloud_publisher' build argument 'cmake_clean_cache' from command line to 'False'
[0.346s] Level 5:colcon.colcon_core.verb:set package 'pointcloud_publisher' build argument 'cmake_clean_first' from command line to 'False'
[0.346s] Level 5:colcon.colcon_core.verb:set package 'pointcloud_publisher' build argument 'cmake_force_configure' from command line to 'False'
[0.346s] Level 5:colcon.colcon_core.verb:set package 'pointcloud_publisher' build argument 'ament_cmake_args' from command line to 'None'
[0.346s] Level 5:colcon.colcon_core.verb:set package 'pointcloud_publisher' build argument 'catkin_cmake_args' from command line to 'None'
[0.346s] Level 5:colcon.colcon_core.verb:set package 'pointcloud_publisher' build argument 'catkin_skip_building_tests' from command line to 'False'
[0.346s] DEBUG:colcon.colcon_core.verb:Building package 'pointcloud_publisher' with the following arguments: {'ament_cmake_args': None, 'build_base': '/home/yuyifan/ros2_workspace/src/pointcloud_publisher/build/pointcloud_publisher', 'catkin_cmake_args': None, 'catkin_skip_building_tests': False, 'cmake_args': None, 'cmake_clean_cache': False, 'cmake_clean_first': False, 'cmake_force_configure': False, 'cmake_target': None, 'cmake_target_skip_unavailable': False, 'install_base': '/home/yuyifan/ros2_workspace/src/pointcloud_publisher/install/pointcloud_publisher', 'merge_install': False, 'path': '/home/yuyifan/ros2_workspace/src/pointcloud_publisher', 'symlink_install': False, 'test_result_base': None}
[0.346s] INFO:colcon.colcon_core.executor:Executing jobs using 'parallel' executor
[0.347s] DEBUG:colcon.colcon_parallel_executor.executor.parallel:run_until_complete
[0.347s] INFO:colcon.colcon_ros.task.ament_python.build:Building ROS package in '/home/yuyifan/ros2_workspace/src/pointcloud_publisher' with build type 'ament_python'
[0.347s] Level 1:colcon.colcon_core.shell:create_environment_hook('pointcloud_publisher', 'ament_prefix_path')
[0.349s] INFO:colcon.colcon_core.plugin_system:Skipping extension 'colcon_core.shell.bat': Not used on non-Windows systems
[0.349s] INFO:colcon.colcon_core.shell:Creating environment hook '/home/yuyifan/ros2_workspace/src/pointcloud_publisher/install/pointcloud_publisher/share/pointcloud_publisher/hook/ament_prefix_path.ps1'
[0.350s] INFO:colcon.colcon_core.shell:Creating environment descriptor '/home/yuyifan/ros2_workspace/src/pointcloud_publisher/install/pointcloud_publisher/share/pointcloud_publisher/hook/ament_prefix_path.dsv'
[0.350s] INFO:colcon.colcon_core.shell:Creating environment hook '/home/yuyifan/ros2_workspace/src/pointcloud_publisher/install/pointcloud_publisher/share/pointcloud_publisher/hook/ament_prefix_path.sh'
[0.350s] INFO:colcon.colcon_core.shell:Skip shell extension 'powershell' for command environment: Not usable outside of PowerShell
[0.350s] DEBUG:colcon.colcon_core.shell:Skip shell extension 'dsv' for command environment
[0.607s] INFO:colcon.colcon_core.task.python.build:Building Python package in '/home/yuyifan/ros2_workspace/src/pointcloud_publisher'
[0.607s] INFO:colcon.colcon_core.shell:Skip shell extension 'powershell' for command environment: Not usable outside of PowerShell
[0.607s] DEBUG:colcon.colcon_core.shell:Skip shell extension 'dsv' for command environment
[0.952s] DEBUG:colcon.colcon_core.event_handler.log_command:Invoking command in '/home/yuyifan/ros2_workspace/src/pointcloud_publisher': PYTHONPATH=/home/yuyifan/ros2_workspace/src/pointcloud_publisher/build/pointcloud_publisher/prefix_override:/usr/lib/python3/dist-packages/colcon_core/task/python/colcon_distutils_commands:/home/yuyifan/ros2_workspace/src/pointcloud_publisher/install/pointcloud_publisher/lib/python3.10/site-packages:${PYTHONPATH} /usr/bin/python3 -W ignore:setup.py install is deprecated setup.py egg_info --egg-base build/pointcloud_publisher build --build-base /home/yuyifan/ros2_workspace/src/pointcloud_publisher/build/pointcloud_publisher/build install --record /home/yuyifan/ros2_workspace/src/pointcloud_publisher/build/pointcloud_publisher/install.log --single-version-externally-managed install_data
[1.289s] DEBUG:colcon.colcon_core.event_handler.log_command:Invoked command in '/home/yuyifan/ros2_workspace/src/pointcloud_publisher' returned '0': PYTHONPATH=/home/yuyifan/ros2_workspace/src/pointcloud_publisher/build/pointcloud_publisher/prefix_override:/usr/lib/python3/dist-packages/colcon_core/task/python/colcon_distutils_commands:/home/yuyifan/ros2_workspace/src/pointcloud_publisher/install/pointcloud_publisher/lib/python3.10/site-packages:${PYTHONPATH} /usr/bin/python3 -W ignore:setup.py install is deprecated setup.py egg_info --egg-base build/pointcloud_publisher build --build-base /home/yuyifan/ros2_workspace/src/pointcloud_publisher/build/pointcloud_publisher/build install --record /home/yuyifan/ros2_workspace/src/pointcloud_publisher/build/pointcloud_publisher/install.log --single-version-externally-managed install_data
[1.295s] Level 1:colcon.colcon_core.environment:checking '/home/yuyifan/ros2_workspace/src/pointcloud_publisher/install/pointcloud_publisher' for CMake module files
[1.296s] Level 1:colcon.colcon_core.environment:checking '/home/yuyifan/ros2_workspace/src/pointcloud_publisher/install/pointcloud_publisher' for CMake config files
[1.298s] Level 1:colcon.colcon_core.environment:checking '/home/yuyifan/ros2_workspace/src/pointcloud_publisher/install/pointcloud_publisher/lib'
[1.298s] Level 1:colcon.colcon_core.environment:checking '/home/yuyifan/ros2_workspace/src/pointcloud_publisher/install/pointcloud_publisher/bin'
[1.299s] Level 1:colcon.colcon_core.environment:checking '/home/yuyifan/ros2_workspace/src/pointcloud_publisher/install/pointcloud_publisher/lib/pkgconfig/pointcloud_publisher.pc'
[1.299s] Level 1:colcon.colcon_core.environment:checking '/home/yuyifan/ros2_workspace/src/pointcloud_publisher/install/pointcloud_publisher/lib/python3.10/site-packages'
[1.300s] Level 1:colcon.colcon_core.shell:create_environment_hook('pointcloud_publisher', 'pythonpath')
[1.300s] INFO:colcon.colcon_core.shell:Creating environment hook '/home/yuyifan/ros2_workspace/src/pointcloud_publisher/install/pointcloud_publisher/share/pointcloud_publisher/hook/pythonpath.ps1'
[1.301s] INFO:colcon.colcon_core.shell:Creating environment descriptor '/home/yuyifan/ros2_workspace/src/pointcloud_publisher/install/pointcloud_publisher/share/pointcloud_publisher/hook/pythonpath.dsv'
[1.302s] INFO:colcon.colcon_core.shell:Creating environment hook '/home/yuyifan/ros2_workspace/src/pointcloud_publisher/install/pointcloud_publisher/share/pointcloud_publisher/hook/pythonpath.sh'
[1.304s] Level 1:colcon.colcon_core.environment:checking '/home/yuyifan/ros2_workspace/src/pointcloud_publisher/install/pointcloud_publisher/bin'
[1.304s] Level 1:colcon.colcon_core.environment:create_environment_scripts_only(pointcloud_publisher)
[1.305s] INFO:colcon.colcon_core.shell:Creating package script '/home/yuyifan/ros2_workspace/src/pointcloud_publisher/install/pointcloud_publisher/share/pointcloud_publisher/package.ps1'
[1.307s] INFO:colcon.colcon_core.shell:Creating package descriptor '/home/yuyifan/ros2_workspace/src/pointcloud_publisher/install/pointcloud_publisher/share/pointcloud_publisher/package.dsv'
[1.309s] INFO:colcon.colcon_core.shell:Creating package script '/home/yuyifan/ros2_workspace/src/pointcloud_publisher/install/pointcloud_publisher/share/pointcloud_publisher/package.sh'
[1.311s] INFO:colcon.colcon_core.shell:Creating package script '/home/yuyifan/ros2_workspace/src/pointcloud_publisher/install/pointcloud_publisher/share/pointcloud_publisher/package.bash'
[1.313s] INFO:colcon.colcon_core.shell:Creating package script '/home/yuyifan/ros2_workspace/src/pointcloud_publisher/install/pointcloud_publisher/share/pointcloud_publisher/package.zsh'
[1.315s] Level 1:colcon.colcon_core.environment:create_file_with_runtime_dependencies(/home/yuyifan/ros2_workspace/src/pointcloud_publisher/install/pointcloud_publisher/share/colcon-core/packages/pointcloud_publisher)
[1.316s] DEBUG:colcon.colcon_parallel_executor.executor.parallel:closing loop
[1.316s] DEBUG:colcon.colcon_parallel_executor.executor.parallel:loop closed
[1.316s] DEBUG:colcon.colcon_parallel_executor.executor.parallel:run_until_complete finished with '0'
[1.317s] DEBUG:colcon.colcon_core.event_reactor:joining thread
[1.332s] INFO:colcon.colcon_core.plugin_system:Skipping extension 'colcon_notification.desktop_notification.terminal_notifier': Not used on non-Darwin systems
[1.332s] INFO:colcon.colcon_core.plugin_system:Skipping extension 'colcon_notification.desktop_notification.win32': Not used on non-Windows systems
[1.332s] INFO:colcon.colcon_notification.desktop_notification:Sending desktop notification using 'notify2'
